mode: set
virtualFileSystem/controller/createFile.go:10.48,17.20 5 1
virtualFileSystem/controller/createFile.go:17.20,21.21 4 1
virtualFileSystem/controller/createFile.go:21.21,23.4 1 1
virtualFileSystem/controller/createFile.go:24.8,26.3 1 0
virtualFileSystem/controller/createFile.go:29.2,29.55 1 1
virtualFileSystem/controller/createFile.go:29.55,31.3 1 0
virtualFileSystem/controller/createFile.go:34.2,34.32 1 1
virtualFileSystem/controller/createFile.go:34.32,36.3 1 1
virtualFileSystem/controller/createFile.go:39.2,39.59 1 1
virtualFileSystem/controller/createFile.go:39.59,41.3 1 1
virtualFileSystem/controller/createFile.go:44.2,44.46 1 1
virtualFileSystem/controller/createFile.go:44.46,46.3 1 0
virtualFileSystem/controller/createFile.go:49.2,49.55 1 1
virtualFileSystem/controller/createFile.go:49.55,51.3 1 1
virtualFileSystem/controller/createFile.go:54.2,54.53 1 1
virtualFileSystem/controller/createFile.go:54.53,56.3 1 0
virtualFileSystem/controller/createFile.go:59.2,69.12 4 1
virtualFileSystem/controller/createFolder.go:11.50,16.20 4 1
virtualFileSystem/controller/createFolder.go:16.20,19.21 3 1
virtualFileSystem/controller/createFolder.go:19.21,21.4 1 1
virtualFileSystem/controller/createFolder.go:22.8,24.3 1 0
virtualFileSystem/controller/createFolder.go:27.2,27.55 1 1
virtualFileSystem/controller/createFolder.go:27.55,29.3 1 0
virtualFileSystem/controller/createFolder.go:32.2,32.32 1 1
virtualFileSystem/controller/createFolder.go:32.32,34.3 1 1
virtualFileSystem/controller/createFolder.go:37.2,37.59 1 1
virtualFileSystem/controller/createFolder.go:37.59,39.3 1 1
virtualFileSystem/controller/createFolder.go:42.2,42.45 1 1
virtualFileSystem/controller/createFolder.go:42.45,44.3 1 0
virtualFileSystem/controller/createFolder.go:47.2,47.65 1 1
virtualFileSystem/controller/createFolder.go:47.65,50.3 1 0
virtualFileSystem/controller/createFolder.go:53.2,61.12 3 1
virtualFileSystem/controller/createUser.go:11.48,14.20 2 1
virtualFileSystem/controller/createUser.go:14.20,16.3 1 1
virtualFileSystem/controller/createUser.go:16.8,18.3 1 0
virtualFileSystem/controller/createUser.go:21.2,21.55 1 1
virtualFileSystem/controller/createUser.go:21.55,23.3 1 1
virtualFileSystem/controller/createUser.go:26.2,26.31 1 1
virtualFileSystem/controller/createUser.go:26.31,28.3 1 1
virtualFileSystem/controller/createUser.go:30.2,33.12 3 1
virtualFileSystem/controller/deleteFile.go:9.48,14.20 4 1
virtualFileSystem/controller/deleteFile.go:14.20,18.3 3 1
virtualFileSystem/controller/deleteFile.go:18.8,20.3 1 0
virtualFileSystem/controller/deleteFile.go:23.2,23.55 1 1
virtualFileSystem/controller/deleteFile.go:23.55,25.3 1 1
virtualFileSystem/controller/deleteFile.go:28.2,28.32 1 1
virtualFileSystem/controller/deleteFile.go:28.32,30.3 1 1
virtualFileSystem/controller/deleteFile.go:33.2,33.59 1 1
virtualFileSystem/controller/deleteFile.go:33.59,35.3 1 1
virtualFileSystem/controller/deleteFile.go:38.2,38.46 1 1
virtualFileSystem/controller/deleteFile.go:38.46,40.3 1 1
virtualFileSystem/controller/deleteFile.go:43.2,43.55 1 1
virtualFileSystem/controller/deleteFile.go:43.55,45.3 1 1
virtualFileSystem/controller/deleteFile.go:48.2,48.54 1 1
virtualFileSystem/controller/deleteFile.go:48.54,50.3 1 1
virtualFileSystem/controller/deleteFile.go:52.2,56.12 3 1
virtualFileSystem/controller/deleteFolder.go:12.50,16.20 3 1
virtualFileSystem/controller/deleteFolder.go:16.20,19.3 2 1
virtualFileSystem/controller/deleteFolder.go:19.8,21.3 1 0
virtualFileSystem/controller/deleteFolder.go:24.2,24.55 1 1
virtualFileSystem/controller/deleteFolder.go:24.55,26.3 1 1
virtualFileSystem/controller/deleteFolder.go:29.2,29.32 1 1
virtualFileSystem/controller/deleteFolder.go:29.32,31.3 1 1
virtualFileSystem/controller/deleteFolder.go:34.2,34.59 1 1
virtualFileSystem/controller/deleteFolder.go:34.59,36.3 1 1
virtualFileSystem/controller/deleteFolder.go:39.2,39.46 1 1
virtualFileSystem/controller/deleteFolder.go:39.46,41.3 1 1
virtualFileSystem/controller/deleteFolder.go:43.2,46.12 3 1
virtualFileSystem/controller/listFile.go:10.46,16.20 5 1
virtualFileSystem/controller/listFile.go:16.20,22.75 5 1
virtualFileSystem/controller/listFile.go:22.75,24.4 1 1
virtualFileSystem/controller/listFile.go:25.8,27.3 1 1
virtualFileSystem/controller/listFile.go:30.2,30.55 1 1
virtualFileSystem/controller/listFile.go:30.55,32.3 1 0
virtualFileSystem/controller/listFile.go:35.2,35.32 1 1
virtualFileSystem/controller/listFile.go:35.32,37.3 1 1
virtualFileSystem/controller/listFile.go:40.2,40.59 1 1
virtualFileSystem/controller/listFile.go:40.59,42.3 1 1
virtualFileSystem/controller/listFile.go:45.2,45.46 1 1
virtualFileSystem/controller/listFile.go:45.46,47.3 1 0
virtualFileSystem/controller/listFile.go:50.2,52.34 3 1
virtualFileSystem/controller/listFile.go:52.34,54.3 1 1
virtualFileSystem/controller/listFile.go:56.2,59.12 3 1
virtualFileSystem/controller/listFile.go:62.66,63.28 1 1
virtualFileSystem/controller/listFile.go:63.28,66.3 2 1
virtualFileSystem/controller/listFolder.go:10.48,15.20 4 1
virtualFileSystem/controller/listFolder.go:15.20,20.75 4 1
virtualFileSystem/controller/listFolder.go:20.75,22.4 1 1
virtualFileSystem/controller/listFolder.go:23.8,25.3 1 1
virtualFileSystem/controller/listFolder.go:28.2,28.55 1 1
virtualFileSystem/controller/listFolder.go:28.55,30.3 1 0
virtualFileSystem/controller/listFolder.go:33.2,33.32 1 1
virtualFileSystem/controller/listFolder.go:33.32,35.3 1 1
virtualFileSystem/controller/listFolder.go:38.2,39.35 2 1
virtualFileSystem/controller/listFolder.go:39.35,41.3 1 0
virtualFileSystem/controller/listFolder.go:44.2,46.12 3 1
virtualFileSystem/controller/listFolder.go:49.60,50.30 1 1
virtualFileSystem/controller/listFolder.go:50.30,53.3 2 1
virtualFileSystem/controller/renameFolder.go:9.50,14.20 4 1
virtualFileSystem/controller/renameFolder.go:14.20,18.3 3 1
virtualFileSystem/controller/renameFolder.go:18.8,20.3 1 1
virtualFileSystem/controller/renameFolder.go:23.2,23.55 1 1
virtualFileSystem/controller/renameFolder.go:23.55,25.3 1 1
virtualFileSystem/controller/renameFolder.go:28.2,28.32 1 1
virtualFileSystem/controller/renameFolder.go:28.32,30.3 1 1
virtualFileSystem/controller/renameFolder.go:33.2,33.59 1 1
virtualFileSystem/controller/renameFolder.go:33.59,35.3 1 0
virtualFileSystem/controller/renameFolder.go:38.2,38.62 1 1
virtualFileSystem/controller/renameFolder.go:38.62,40.3 1 1
virtualFileSystem/controller/renameFolder.go:43.2,43.46 1 1
virtualFileSystem/controller/renameFolder.go:43.46,45.3 1 1
virtualFileSystem/controller/renameFolder.go:48.2,48.48 1 1
virtualFileSystem/controller/renameFolder.go:48.48,50.3 1 0
virtualFileSystem/controller/renameFolder.go:52.2,56.12 3 1
virtualFileSystem/helper/checkInput.go:13.43,17.75 2 1
virtualFileSystem/helper/checkInput.go:17.75,19.3 1 1
virtualFileSystem/helper/checkInput.go:20.2,20.12 1 1
virtualFileSystem/helper/checkInput.go:23.47,27.81 2 1
virtualFileSystem/helper/checkInput.go:27.81,29.3 1 1
virtualFileSystem/helper/checkInput.go:30.2,30.12 1 1
virtualFileSystem/helper/checkInput.go:33.49,36.24 1 1
virtualFileSystem/helper/checkInput.go:36.24,39.3 2 1
virtualFileSystem/helper/checkInput.go:40.2,40.12 1 1
virtualFileSystem/helper/checkInput.go:43.43,47.75 2 1
virtualFileSystem/helper/checkInput.go:47.75,49.3 1 1
virtualFileSystem/helper/checkInput.go:50.2,50.12 1 1
virtualFileSystem/helper/checkInput.go:53.62,54.63 1 0
virtualFileSystem/helper/checkInput.go:54.63,56.3 1 0
virtualFileSystem/helper/checkInput.go:58.2,58.43 1 0
virtualFileSystem/helper/checkInput.go:58.43,60.3 1 0
virtualFileSystem/helper/checkInput.go:61.2,61.12 1 0
virtualFileSystem/helper/checkInput.go:64.53,71.34 4 1
virtualFileSystem/helper/checkInput.go:71.34,73.17 2 1
virtualFileSystem/helper/checkInput.go:73.17,76.42 3 1
virtualFileSystem/helper/checkInput.go:76.42,78.5 1 1
virtualFileSystem/helper/checkInput.go:79.4,79.41 1 1
virtualFileSystem/helper/checkInput.go:79.41,83.5 3 1
virtualFileSystem/helper/checkInput.go:83.10,85.5 1 1
virtualFileSystem/helper/checkInput.go:86.9,88.4 1 1
virtualFileSystem/helper/checkInput.go:91.2,93.29 2 1
virtualFileSystem/helper/checkInput.go:93.29,94.35 1 1
virtualFileSystem/helper/checkInput.go:94.35,96.4 1 1
virtualFileSystem/helper/checkInput.go:98.2,98.18 1 1
virtualFileSystem/model/file.go:19.68,25.2 4 1
virtualFileSystem/model/file.go:27.60,28.69 1 0
virtualFileSystem/model/file.go:28.69,31.3 2 0
virtualFileSystem/model/file.go:32.2,32.14 1 0
virtualFileSystem/model/file.go:35.56,42.2 4 1
virtualFileSystem/model/file.go:44.70,49.41 4 1
virtualFileSystem/model/file.go:49.41,51.3 1 1
virtualFileSystem/model/file.go:53.2,53.18 1 1
virtualFileSystem/model/file.go:54.24,55.24 1 0
virtualFileSystem/model/file.go:55.24,56.42 1 0
virtualFileSystem/model/file.go:56.42,58.5 1 0
virtualFileSystem/model/file.go:59.9,60.42 1 0
virtualFileSystem/model/file.go:60.42,62.5 1 0
virtualFileSystem/model/file.go:66.10,67.24 1 1
virtualFileSystem/model/file.go:67.24,68.42 1 1
virtualFileSystem/model/file.go:68.42,70.5 1 1
virtualFileSystem/model/file.go:71.9,72.42 1 1
virtualFileSystem/model/file.go:72.42,74.5 1 1
virtualFileSystem/model/file.go:80.2,80.14 1 1
virtualFileSystem/model/folder.go:16.67,21.2 3 1
virtualFileSystem/model/folder.go:23.52,24.61 1 1
virtualFileSystem/model/folder.go:24.61,26.3 1 1
virtualFileSystem/model/folder.go:27.2,27.14 1 1
virtualFileSystem/model/folder.go:30.48,36.43 2 1
virtualFileSystem/model/folder.go:36.43,37.54 1 1
virtualFileSystem/model/folder.go:37.54,40.4 2 0
virtualFileSystem/model/folder.go:43.2,44.35 2 1
virtualFileSystem/model/folder.go:47.63,60.2 4 1
virtualFileSystem/model/folder.go:62.62,66.42 3 1
virtualFileSystem/model/folder.go:66.42,68.3 1 1
virtualFileSystem/model/folder.go:70.2,70.18 1 1
virtualFileSystem/model/folder.go:71.24,72.24 1 1
virtualFileSystem/model/folder.go:72.24,73.44 1 1
virtualFileSystem/model/folder.go:73.44,75.5 1 1
virtualFileSystem/model/folder.go:76.9,77.44 1 1
virtualFileSystem/model/folder.go:77.44,79.5 1 1
virtualFileSystem/model/folder.go:83.10,84.24 1 1
virtualFileSystem/model/folder.go:84.24,85.44 1 1
virtualFileSystem/model/folder.go:85.44,87.5 1 1
virtualFileSystem/model/folder.go:88.9,89.44 1 1
virtualFileSystem/model/folder.go:89.44,92.5 1 1
virtualFileSystem/model/folder.go:98.2,98.16 1 1
virtualFileSystem/model/user.go:11.38,12.37 1 0
virtualFileSystem/model/user.go:12.37,14.3 1 0
virtualFileSystem/model/user.go:15.2,15.14 1 0
virtualFileSystem/model/user.go:18.34,25.2 3 1
